<?xml version="1.0" encoding="UTF-8"?>
<robot generator="Robot 6.0.2 (Python 3.10.6 on linux)" generated="20230613 16:36:34.663" rpa="false" schemaversion="3">
<suite id="s1" name="Project 2" source="/home/hanasrullah/Documents/QA-Automate/Project_2.robot">
<test id="s1-t1" name="TC12: Wrong Characters input in textbox" line="155">
<kw name="Log in to deriv">
<kw name="Open Browser" library="SeleniumLibrary">
<arg>https://app.deriv.com</arg>
<arg>Chrome</arg>
<doc>Opens a new browser instance to the optional ``url``.</doc>
<msg timestamp="20230613 16:36:34.771" level="INFO">Opening browser 'Chrome' to base url 'https://app.deriv.com'.</msg>
<status status="PASS" starttime="20230613 16:36:34.771" endtime="20230613 16:36:38.516"/>
</kw>
<kw name="Set Window Size" library="SeleniumLibrary">
<arg>1280</arg>
<arg>1080</arg>
<doc>Sets current windows size to given ``width`` and ``height``.</doc>
<status status="PASS" starttime="20230613 16:36:38.518" endtime="20230613 16:36:38.641"/>
</kw>
<kw name="Wait Until Page Contains Element" library="SeleniumLibrary">
<arg>dt_login_button</arg>
<arg>10</arg>
<doc>Waits until the element ``locator`` appears on the current page.</doc>
<status status="PASS" starttime="20230613 16:36:38.642" endtime="20230613 16:36:38.676"/>
</kw>
<kw name="Click Element" library="SeleniumLibrary">
<arg>dt_login_button</arg>
<doc>Click the element identified by ``locator``.</doc>
<msg timestamp="20230613 16:36:38.678" level="INFO">Clicking element 'dt_login_button'.</msg>
<status status="PASS" starttime="20230613 16:36:38.677" endtime="20230613 16:36:41.075"/>
</kw>
<kw name="Input Text" library="SeleniumLibrary">
<arg>txtEmail</arg>
<arg>hanasrullah@besquare.com.my</arg>
<doc>Types the given ``text`` into the text field identified by ``locator``.</doc>
<msg timestamp="20230613 16:36:41.075" level="INFO">Typing text 'hanasrullah@besquare.com.my' into text field 'txtEmail'.</msg>
<status status="PASS" starttime="20230613 16:36:41.075" endtime="20230613 16:36:41.153"/>
</kw>
<kw name="Input Text" library="SeleniumLibrary">
<arg>txtPass</arg>
<arg>L0ngk4ng_469227</arg>
<doc>Types the given ``text`` into the text field identified by ``locator``.</doc>
<msg timestamp="20230613 16:36:41.154" level="INFO">Typing text 'L0ngk4ng_469227' into text field 'txtPass'.</msg>
<status status="PASS" starttime="20230613 16:36:41.153" endtime="20230613 16:36:41.218"/>
</kw>
<kw name="Click Button" library="SeleniumLibrary">
<arg>login</arg>
<doc>Clicks the button identified by ``locator``.</doc>
<msg timestamp="20230613 16:36:41.219" level="INFO">Clicking button 'login'.</msg>
<status status="PASS" starttime="20230613 16:36:41.218" endtime="20230613 16:36:43.392"/>
</kw>
<status status="PASS" starttime="20230613 16:36:34.770" endtime="20230613 16:36:43.393"/>
</kw>
<kw name="Go to Close account page">
<kw name="Wait Until Page Contains Element" library="SeleniumLibrary">
<arg>${profile_icon}</arg>
<arg>10</arg>
<doc>Waits until the element ``locator`` appears on the current page.</doc>
<status status="PASS" starttime="20230613 16:36:43.395" endtime="20230613 16:36:43.903"/>
</kw>
<kw name="Click Element" library="SeleniumLibrary">
<arg>${profile_icon}</arg>
<doc>Click the element identified by ``locator``.</doc>
<msg timestamp="20230613 16:36:43.904" level="INFO">Clicking element '//*[@class="trading-hub-header__setting"]'.</msg>
<status status="PASS" starttime="20230613 16:36:43.903" endtime="20230613 16:36:44.020"/>
</kw>
<kw name="Wait Until Page Contains Element" library="SeleniumLibrary">
<arg>${account_closing}</arg>
<arg>10</arg>
<doc>Waits until the element ``locator`` appears on the current page.</doc>
<status status="PASS" starttime="20230613 16:36:44.021" endtime="20230613 16:36:44.769"/>
</kw>
<kw name="Click Element" library="SeleniumLibrary">
<arg>${account_closing}</arg>
<doc>Click the element identified by ``locator``.</doc>
<msg timestamp="20230613 16:36:44.769" level="INFO">Clicking element '//*[@id="/account/closing-account"]'.</msg>
<status status="PASS" starttime="20230613 16:36:44.769" endtime="20230613 16:36:44.861"/>
</kw>
<status status="PASS" starttime="20230613 16:36:43.395" endtime="20230613 16:36:44.862"/>
</kw>
<kw name="Wait Until Page Contains Element" library="SeleniumLibrary">
<arg>${close_my_account}</arg>
<arg>10</arg>
<doc>Waits until the element ``locator`` appears on the current page.</doc>
<status status="PASS" starttime="20230613 16:36:44.865" endtime="20230613 16:36:44.885"/>
</kw>
<kw name="Click Element" library="SeleniumLibrary">
<arg>${close_my_account}</arg>
<doc>Click the element identified by ``locator``.</doc>
<msg timestamp="20230613 16:36:44.886" level="INFO">Clicking element '//*[@class="dc-btn dc-btn--primary dc-btn__large closing-account__button--close-account"]'.</msg>
<status status="PASS" starttime="20230613 16:36:44.885" endtime="20230613 16:36:44.989"/>
</kw>
<kw name="Wait Until Page Contains Element" library="SeleniumLibrary">
<arg>${checkbox1}</arg>
<arg>10</arg>
<doc>Waits until the element ``locator`` appears on the current page.</doc>
<status status="PASS" starttime="20230613 16:36:44.989" endtime="20230613 16:36:45.003"/>
</kw>
<kw name="Click Element" library="SeleniumLibrary">
<arg>${checkbox1}</arg>
<doc>Click the element identified by ``locator``.</doc>
<msg timestamp="20230613 16:36:45.004" level="INFO">Clicking element '//*[@class="closing-account-reasons"]/form/label[1]'.</msg>
<status status="PASS" starttime="20230613 16:36:45.003" endtime="20230613 16:36:45.066"/>
</kw>
<kw name="Input Text" library="SeleniumLibrary">
<arg>${suggestion_box1}</arg>
<arg>!!</arg>
<doc>Types the given ``text`` into the text field identified by ``locator``.</doc>
<msg timestamp="20230613 16:36:45.067" level="INFO">Typing text '!!' into text field '//*[@class="dc-input__field dc-input__textarea dc-input__field--placeholder-visible"]'.</msg>
<status status="PASS" starttime="20230613 16:36:45.066" endtime="20230613 16:36:45.154"/>
</kw>
<kw name="Element Should Contain" library="SeleniumLibrary">
<arg>//*[@class="dc-text closing-account-reasons__error"]</arg>
<arg>Must be numbers, letters, and special characters . , ' -</arg>
<doc>Verifies that element ``locator`` contains text ``expected``.</doc>
<msg timestamp="20230613 16:36:45.189" level="INFO">Element '//*[@class="dc-text closing-account-reasons__error"]' contains text 'Must be numbers, letters, and special characters . , ' -'.</msg>
<status status="PASS" starttime="20230613 16:36:45.155" endtime="20230613 16:36:45.189"/>
</kw>
<status status="PASS" starttime="20230613 16:36:34.758" endtime="20230613 16:36:45.189"/>
</test>
<status status="PASS" starttime="20230613 16:36:34.665" endtime="20230613 16:36:45.190"/>
</suite>
<statistics>
<total>
<stat pass="1" fail="0" skip="0">All Tests</stat>
</total>
<tag>
</tag>
<suite>
<stat pass="1" fail="0" skip="0" id="s1" name="Project 2">Project 2</stat>
</suite>
</statistics>
<errors>
</errors>
</robot>
